<?xml version="1.0" encoding="UTF-8"?>
<!-- Generated by org.testng.reporters.JUnitReportReporter -->
<testsuite hostname="SLW1879" name="testcases.VerifyAddPatient" tests="1" failures="0" timestamp="4 Feb 2017 03:55:40 GMT" time="31.387" errors="0">
  <testcase name="testLoginPage" time="31.387" classname="testcases.VerifyAddPatient"/>
</testsuite> <!-- testcases.VerifyAddPatient -->
