<?xml version="1.0" encoding="UTF-8"?>
<!-- Generated by org.testng.reporters.JUnitReportReporter -->
<testsuite hostname="SLW1879" name="testcases.VerifyLoginPage" tests="1" failures="0" timestamp="24 Jan 2017 06:18:03 GMT" time="37.131" errors="0">
  <testcase name="testLoginPage" time="37.131" classname="testcases.VerifyLoginPage"/>
</testsuite> <!-- testcases.VerifyLoginPage -->
