<?xml version="1.0" encoding="UTF-8"?>
<!-- Generated by org.testng.reporters.JUnitReportReporter -->
<testsuite hostname="SLW1879" name="testcases.VerifyLoginPagewithInvalidData" tests="1" failures="0" timestamp="24 Jan 2017 06:33:36 GMT" time="31.957" errors="0">
  <testcase name="testLoginPage" time="31.957" classname="testcases.VerifyLoginPagewithInvalidData"/>
</testsuite> <!-- testcases.VerifyLoginPagewithInvalidData -->
